<?xml version="1.0" encoding="UTF-8"?>
<!-- Generated by org.testng.reporters.JUnitXMLReporter -->
<testsuite hostname="DESKTOP-ALME922" ignored="0" name="OpenAccountTest" tests="1" failures="1" timestamp="17 May 2020 04:27:23 GMT" time="0.259" errors="0">
  <testcase name="openAccountTest" time="0.001" classname="com.w2a.testcases.OpenAccountTest">
    <failure type="java.lang.IllegalArgumentException" message="Cannot find elements when the selector is null">
      <![CDATA[java.lang.IllegalArgumentException: Cannot find elements when the selector is null
	at org.openqa.selenium.By$ByCssSelector.<init>(By.java:422)
	at org.openqa.selenium.By.cssSelector(By.java:116)
	at com.w2a.base.TestBase.click(TestBase.java:113)
	at com.w2a.testcases.OpenAccountTest.openAccountTest(OpenAccountTest.java:34)
... Removed 28 stack frames]]>
    </failure>
  </testcase> <!-- openAccountTest -->
</testsuite> <!-- OpenAccountTest -->
