<!DOCTYPE html PUBLIC "-//W3C//DTD XHTML 1.1//EN" "http://www.w3.org/TR/xhtml11/DTD/xhtml11.dtd">
<html xmlns="http://www.w3.org/1999/xhtml"><head><title>TestNG Report</title><style type="text/css">table {margin-bottom:10px;border-collapse:collapse;empty-cells:show}th,td {border:1px solid #009;padding:.25em .5em}th {vertical-align:bottom}td {vertical-align:top}table a {font-weight:bold}.stripe td {background-color: #E6EBF9}.num {text-align:right}.passedodd td {background-color: #3F3}.passedeven td {background-color: #0A0}.skippedodd td {background-color: #DDD}.skippedeven td {background-color: #CCC}.failedodd td,.attn {background-color: #F33}.failedeven td,.stripe .attn {background-color: #D00}.stacktrace {white-space:pre;font-family:monospace}.totop {font-size:85%;text-align:center;border-bottom:2px solid #000}</style></head><body><table><tr><th>Test</th><th># Passed</th><th># Skipped</th><th># Failed</th><th>Time (ms)</th><th>Included Groups</th><th>Excluded Groups</th></tr><tr><th colspan="7">Data Driven Basics</th></tr><tr><td><a href="#t0">LoginTest</a></td><td class="num">0</td><td class="num">0</td><td class="num attn">1</td><td class="num">9,506</td><td></td><td></td></tr><tr class="stripe"><td><a href="#t1">AddCustomerTest</a></td><td class="num">0</td><td class="num">0</td><td class="num attn">3</td><td class="num">876</td><td></td><td></td></tr><tr><td><a href="#t2">OpenAccountTest</a></td><td class="num">0</td><td class="num">0</td><td class="num attn">1</td><td class="num">259</td><td></td><td></td></tr><tr><th>Total</th><th class="num">0</th><th class="num">0</th><th class="num attn">5</th><th class="num">10,641</th><th colspan="2"></th></tr></table><table id='summary'><thead><tr><th>Class</th><th>Method</th><th>Start</th><th>Time (ms)</th></tr></thead><tbody><tr><th colspan="4">Data Driven Basics</th></tr></tbody><tbody id="t0"><tr><th colspan="4">LoginTest &#8212; failed</th></tr><tr class="failedeven"><td rowspan="1">com.w2a.testcases.LoginTest</td><td><a href="#m0">loginTest</a></td><td rowspan="1">1589689632719</td><td rowspan="1">5</td></tr></tbody><tbody id="t1"><tr><th colspan="4">AddCustomerTest &#8212; failed</th></tr><tr class="failedeven"><td rowspan="3">com.w2a.testcases.AddCustomerTest</td><td><a href="#m1">addCustomerTest</a></td><td rowspan="3">1589689642596</td><td rowspan="3">0</td></tr><tr class="failedeven"><td><a href="#m2">addCustomerTest</a></td></tr><tr class="failedeven"><td><a href="#m3">addCustomerTest</a></td></tr></tbody><tbody id="t2"><tr><th colspan="4">OpenAccountTest &#8212; failed</th></tr><tr class="failedeven"><td rowspan="1">com.w2a.testcases.OpenAccountTest</td><td><a href="#m4">openAccountTest</a></td><td rowspan="1">1589689643144</td><td rowspan="1">1</td></tr></tbody></table><h2>LoginTest</h2><h3 id="m0">com.w2a.testcases.LoginTest#loginTest</h3><table class="result"><tr><th>Messages</th></tr><tr><td><div class="messages">Click to see Screenshot<br/><a target="_blank" href=Sun_May_17_00_27_21_EDT_2020.jpg>Screenshot</a><br/><br><br/><br><br/><a target="_blank" href=Sun_May_17_00_27_21_EDT_2020.jpg><img src=Sun_May_17_00_27_21_EDT_2020.jpg height=200 width=200></img></a></div></td></tr><tr><th>Exception</th></tr><tr><td><div class="stacktrace">java.lang.IllegalArgumentException: Cannot find elements when the selector is null
	at org.openqa.selenium.By$ByCssSelector.&lt;init&gt;(By.java:422)
	at org.openqa.selenium.By.cssSelector(By.java:116)
	at com.w2a.base.TestBase.click(TestBase.java:113)
	at com.w2a.testcases.LoginTest.loginTest(LoginTest.java:23)
... Removed 28 stack frames</div></td></tr></table><p class="totop"><a href="#summary">back to summary</a></p><h2>AddCustomerTest</h2><h3 id="m1">com.w2a.testcases.AddCustomerTest#addCustomerTest</h3><table class="result"><tr class="param"><th>Parameter #1</th></tr><tr class="param stripe"><td>{alerttext=Customer added successfully, postcode=B43555g, lastName=Siva, firstName=Amuda, runmode=Y}</td></tr><tr><th>Messages</th></tr><tr><td><div class="messages">Click to see Screenshot<br/><a target="_blank" href=Sun_May_17_00_27_22_EDT_2020.jpg>Screenshot</a><br/><br><br/><br><br/><a target="_blank" href=Sun_May_17_00_27_22_EDT_2020.jpg><img src=Sun_May_17_00_27_22_EDT_2020.jpg height=200 width=200></img></a></div></td></tr><tr><th>Exception</th></tr><tr><td><div class="stacktrace">java.lang.IllegalArgumentException: Cannot find elements when the selector is null
	at org.openqa.selenium.By$ByCssSelector.&lt;init&gt;(By.java:422)
	at org.openqa.selenium.By.cssSelector(By.java:116)
	at com.w2a.base.TestBase.click(TestBase.java:113)
	at com.w2a.testcases.AddCustomerTest.addCustomerTest(AddCustomerTest.java:35)
... Removed 28 stack frames</div></td></tr></table><p class="totop"><a href="#summary">back to summary</a></p><h3 id="m2">com.w2a.testcases.AddCustomerTest#addCustomerTest</h3><table class="result"><tr class="param"><th>Parameter #1</th></tr><tr class="param stripe"><td>{alerttext=Customer added successfully, postcode=c45657Q, lastName=agarwal, firstName=Priya, runmode=Y}</td></tr><tr><th>Messages</th></tr><tr><td><div class="messages">Click to see Screenshot<br/><a target="_blank" href=Sun_May_17_00_27_23_EDT_2020.jpg>Screenshot</a><br/><br><br/><br><br/><a target="_blank" href=Sun_May_17_00_27_23_EDT_2020.jpg><img src=Sun_May_17_00_27_23_EDT_2020.jpg height=200 width=200></img></a></div></td></tr><tr><th>Exception</th></tr><tr><td><div class="stacktrace">java.lang.IllegalArgumentException: Cannot find elements when the selector is null
	at org.openqa.selenium.By$ByCssSelector.&lt;init&gt;(By.java:422)
	at org.openqa.selenium.By.cssSelector(By.java:116)
	at com.w2a.base.TestBase.click(TestBase.java:113)
	at com.w2a.testcases.AddCustomerTest.addCustomerTest(AddCustomerTest.java:35)
... Removed 28 stack frames</div></td></tr></table><p class="totop"><a href="#summary">back to summary</a></p><h3 id="m3">com.w2a.testcases.AddCustomerTest#addCustomerTest</h3><table class="result"><tr class="param"><th>Parameter #1</th></tr><tr class="param stripe"><td>{alerttext=Customer added successfully, postcode=A243wd, lastName=Arora, firstName=Raman, runmode=Y}</td></tr><tr><th>Messages</th></tr><tr><td><div class="messages">Click to see Screenshot<br/><a target="_blank" href=Sun_May_17_00_27_22_EDT_2020.jpg>Screenshot</a><br/><br><br/><br><br/><a target="_blank" href=Sun_May_17_00_27_22_EDT_2020.jpg><img src=Sun_May_17_00_27_22_EDT_2020.jpg height=200 width=200></img></a></div></td></tr><tr><th>Exception</th></tr><tr><td><div class="stacktrace">java.lang.IllegalArgumentException: Cannot find elements when the selector is null
	at org.openqa.selenium.By$ByCssSelector.&lt;init&gt;(By.java:422)
	at org.openqa.selenium.By.cssSelector(By.java:116)
	at com.w2a.base.TestBase.click(TestBase.java:113)
	at com.w2a.testcases.AddCustomerTest.addCustomerTest(AddCustomerTest.java:35)
... Removed 28 stack frames</div></td></tr></table><p class="totop"><a href="#summary">back to summary</a></p><h2>OpenAccountTest</h2><h3 id="m4">com.w2a.testcases.OpenAccountTest#openAccountTest</h3><table class="result"><tr class="param"><th>Parameter #1</th></tr><tr class="param stripe"><td>{currency=Rupee, customer=Raman Arora}</td></tr><tr><th>Messages</th></tr><tr><td><div class="messages">Click to see Screenshot<br/><a target="_blank" href=Sun_May_17_00_27_23_EDT_2020.jpg>Screenshot</a><br/><br><br/><br><br/><a target="_blank" href=Sun_May_17_00_27_23_EDT_2020.jpg><img src=Sun_May_17_00_27_23_EDT_2020.jpg height=200 width=200></img></a></div></td></tr><tr><th>Exception</th></tr><tr><td><div class="stacktrace">java.lang.IllegalArgumentException: Cannot find elements when the selector is null
	at org.openqa.selenium.By$ByCssSelector.&lt;init&gt;(By.java:422)
	at org.openqa.selenium.By.cssSelector(By.java:116)
	at com.w2a.base.TestBase.click(TestBase.java:113)
	at com.w2a.testcases.OpenAccountTest.openAccountTest(OpenAccountTest.java:34)
... Removed 28 stack frames</div></td></tr></table><p class="totop"><a href="#summary">back to summary</a></p></body></html>